2026-02-09 14:55:18,608 INFO httpx HTTP Request: POST http://testserver/api/stations/1/trade "HTTP/1.1 422 Unprocessable Entity"
2026-02-09 14:55:18,670 INFO httpx HTTP Request: POST http://testserver/api/stations/1/trade "HTTP/1.1 422 Unprocessable Entity"
2026-02-09 14:55:18,711 INFO httpx HTTP Request: POST http://testserver/api/stations/1/trade "HTTP/1.1 422 Unprocessable Entity"
2026-02-09 14:55:19,017 INFO httpx HTTP Request: POST http://testserver/api/auth/register "HTTP/1.1 200 OK"
2026-02-09 14:55:19,393 INFO httpx HTTP Request: POST http://testserver/api/auth/register "HTTP/1.1 200 OK"
2026-02-09 14:55:19,815 INFO httpx HTTP Request: POST http://testserver/api/auth/register "HTTP/1.1 200 OK"
2026-02-09 14:57:23,889 INFO httpx HTTP Request: POST http://testserver/api/stations/1/trade "HTTP/1.1 200 OK"
2026-02-09 14:57:23,924 INFO httpx HTTP Request: POST http://testserver/api/stations/1/trade "HTTP/1.1 409 Conflict"
2026-02-09 14:57:23,955 INFO httpx HTTP Request: POST http://testserver/api/stations/1/trade "HTTP/1.1 422 Unprocessable Entity"
2026-02-09 14:57:24,221 INFO httpx HTTP Request: POST http://testserver/api/auth/register "HTTP/1.1 200 OK"
2026-02-09 14:57:24,225 INFO httpx HTTP Request: POST http://testserver/api/story/interpret "HTTP/1.1 422 Unprocessable Entity"
2026-02-09 14:57:24,530 INFO httpx HTTP Request: POST http://testserver/api/auth/register "HTTP/1.1 200 OK"
2026-02-09 14:57:24,533 INFO httpx HTTP Request: POST http://testserver/api/story/interpret "HTTP/1.1 200 OK"
2026-02-09 14:57:24,800 INFO httpx HTTP Request: POST http://testserver/api/auth/register "HTTP/1.1 200 OK"
2026-02-09 14:57:24,803 INFO httpx HTTP Request: POST http://testserver/api/story/confirm "HTTP/1.1 200 OK"
2026-02-09 14:59:08,058 INFO httpx HTTP Request: POST http://testserver/api/stations/1/trade "HTTP/1.1 200 OK"
2026-02-09 14:59:08,095 INFO httpx HTTP Request: POST http://testserver/api/stations/1/trade "HTTP/1.1 409 Conflict"
2026-02-09 14:59:08,132 INFO httpx HTTP Request: POST http://testserver/api/stations/1/trade "HTTP/1.1 422 Unprocessable Entity"
2026-02-09 14:59:08,397 INFO httpx HTTP Request: POST http://testserver/api/auth/register "HTTP/1.1 200 OK"
2026-02-09 14:59:08,401 INFO httpx HTTP Request: POST http://testserver/api/story/interpret "HTTP/1.1 422 Unprocessable Entity"
2026-02-09 14:59:08,651 INFO httpx HTTP Request: POST http://testserver/api/auth/register "HTTP/1.1 200 OK"
2026-02-09 14:59:08,653 INFO httpx HTTP Request: POST http://testserver/api/story/interpret "HTTP/1.1 200 OK"
2026-02-09 14:59:08,900 INFO httpx HTTP Request: POST http://testserver/api/auth/register "HTTP/1.1 200 OK"
2026-02-09 14:59:08,902 INFO httpx HTTP Request: POST http://testserver/api/story/confirm "HTTP/1.1 200 OK"
